<?xml version="1.0" encoding="UTF-8"?>
<!-- Generated by org.testng.reporters.JUnitReportReporter -->
<testsuite hostname="LAPTOP-8A8DRPQR" failures="0" tests="1" name="test.JenkinsTest1" time="32.389" errors="0" timestamp="2022-10-14T15:31:10 IST" skipped="0">
  <testcase classname="test.JenkinsTest1" name="testrun" time="32.389"/>
  <system-out/>
</testsuite> <!-- test.JenkinsTest1 -->
