<?xml version="1.0" encoding="UTF-8"?>
<!-- Generated by org.testng.reporters.JUnitReportReporter -->
<testsuite hostname="LAPTOP-8A8DRPQR" failures="0" tests="1" name="test.JenkinsTest1" time="8.348" errors="0" timestamp="2022-10-14T15:50:24 IST" skipped="0">
  <testcase classname="test.JenkinsTest1" name="testrun" time="8.348"/>
  <system-out/>
</testsuite> <!-- test.JenkinsTest1 -->
